<?xml version="1.0" encoding="UTF-8"?>
<!-- Generated by org.testng.reporters.JUnitXMLReporter -->
<testsuite hostname="Rahuls-MacBook-Pro.local" name="Drawing Test" tests="3" failures="0" timestamp="26 Aug 2015 16:41:55 GMT" time="47.411" errors="0">
  <testcase name="drawTest" time="25.269" classname="com.w2a.appium.testcases.ios.DrawLineTest"/>
  <testcase name="ExpandElement" time="11.581" classname="com.w2a.appium.testcases.ios.DrawLineTest"/>
  <testcase name="TypeTest" time="10.549" classname="com.w2a.appium.testcases.ios.DrawLineTest"/>
</testsuite> <!-- Drawing Test -->
