<?xml version="1.0" encoding="UTF-8"?>
<!-- Generated by org.testng.reporters.JUnitXMLReporter -->
<testsuite hostname="Rahuls-MacBook-Pro.local" name="Stryker Test" tests="3" failures="0" timestamp="26 Aug 2015 17:52:07 GMT" time="47.385" errors="0">
  <testcase name="drawTest" time="25.206" classname="com.w2a.appium.testcases.ios.StrykerTest"/>
  <testcase name="ExpandElement" time="11.708" classname="com.w2a.appium.testcases.ios.StrykerTest"/>
  <testcase name="TypeTest" time="10.459" classname="com.w2a.appium.testcases.ios.StrykerTest"/>
</testsuite> <!-- Stryker Test -->
