<?xml version="1.0" encoding="UTF-8"?>
<!-- Generated by org.testng.reporters.JUnitXMLReporter -->
<testsuite hostname="Rahuls-MacBook-Pro.local" name="UICatalog Test" tests="3" failures="0" timestamp="26 Aug 2015 17:50:30 GMT" time="145.527" errors="0">
  <testcase name="SwitchTest" time="14.675" classname="com.w2a.appium.testcases.ios.UICatalogTest"/>
  <testcase name="SliderTest" time="20.445" classname="com.w2a.appium.testcases.ios.UICatalogTest"/>
  <testcase name="SteppersTest" time="110.395" classname="com.w2a.appium.testcases.ios.UICatalogTest"/>
</testsuite> <!-- UICatalog Test -->
