<?xml version="1.0" encoding="UTF-8"?>
<!-- Generated by org.testng.reporters.JUnitXMLReporter -->
<testsuite hostname="Rahuls-MacBook-Pro.local" name="UICatalog Test" tests="3" failures="0" timestamp="26 Aug 2015 18:01:29 GMT" time="145.928" errors="0">
  <testcase name="SwitchTest" time="14.513" classname="com.w2a.appium.testcases.ios.UICatalogTest"/>
  <testcase name="SliderTest" time="20.642" classname="com.w2a.appium.testcases.ios.UICatalogTest"/>
  <testcase name="SteppersTest" time="110.752" classname="com.w2a.appium.testcases.ios.UICatalogTest"/>
</testsuite> <!-- UICatalog Test -->
